0:0:0:0:0:0:0:1 - - [27/Jul/2022:11:10:09 +0530] GET / HTTP/1.1 200 5019
0:0:0:0:0:0:0:1 - - [27/Jul/2022:11:10:09 +0530] GET /css/bootstrap.css HTTP/1.1 200 220485
0:0:0:0:0:0:0:1 - - [27/Jul/2022:11:10:09 +0530] GET /css/sticky-footer-navbar.css HTTP/1.1 200 660
0:0:0:0:0:0:0:1 - - [27/Jul/2022:11:10:09 +0530] GET /css/bootstrap-icons.css HTTP/1.1 200 65630
0:0:0:0:0:0:0:1 - - [27/Jul/2022:11:10:09 +0530] GET /css/colorbox.css HTTP/1.1 200 4385
0:0:0:0:0:0:0:1 - - [27/Jul/2022:11:10:09 +0530] GET /css/krystal.css HTTP/1.1 200 10899
0:0:0:0:0:0:0:1 - - [27/Jul/2022:11:10:09 +0530] GET /css/bootstrap-dialog.css HTTP/1.1 200 2554
0:0:0:0:0:0:0:1 - - [27/Jul/2022:11:10:09 +0530] GET /css/datepicker.css HTTP/1.1 200 33702
0:0:0:0:0:0:0:1 - - [27/Jul/2022:11:10:09 +0530] GET /js/jquery.js HTTP/1.1 200 89503
0:0:0:0:0:0:0:1 - - [27/Jul/2022:11:10:09 +0530] GET /js/bootstrap-dialog.js HTTP/1.1 200 21214
0:0:0:0:0:0:0:1 - - [27/Jul/2022:11:10:09 +0530] GET /js/bootstrap.bundle.js HTTP/1.1 200 208002
0:0:0:0:0:0:0:1 - - [27/Jul/2022:11:10:09 +0530] GET /js/jquery.validate.min.js HTTP/1.1 200 21071
0:0:0:0:0:0:0:1 - - [27/Jul/2022:11:10:09 +0530] GET /js/odometer.min.js HTTP/1.1 200 9896
0:0:0:0:0:0:0:1 - - [27/Jul/2022:11:10:09 +0530] GET /js/additional-methods.min.js HTTP/1.1 200 13821
0:0:0:0:0:0:0:1 - - [27/Jul/2022:11:10:09 +0530] GET /js/bootstrap-datepicker.js HTTP/1.1 200 46820
0:0:0:0:0:0:0:1 - - [27/Jul/2022:11:10:09 +0530] GET /js/Chart.min.js HTTP/1.1 200 308268
0:0:0:0:0:0:0:1 - - [27/Jul/2022:11:10:09 +0530] GET /js/typeahead.min.js HTTP/1.1 200 21804
0:0:0:0:0:0:0:1 - - [27/Jul/2022:11:10:09 +0530] GET /js/jquery.colorbox-min.js HTTP/1.1 200 11095
0:0:0:0:0:0:0:1 - - [27/Jul/2022:11:10:09 +0530] GET /js/scripts.js HTTP/1.1 200 14099
0:0:0:0:0:0:0:1 - - [27/Jul/2022:11:10:09 +0530] GET /js/jquery.highlight.js HTTP/1.1 200 4089
0:0:0:0:0:0:0:1 - - [27/Jul/2022:11:10:09 +0530] GET /js/jquery.countdown.js HTTP/1.1 200 9572
0:0:0:0:0:0:0:1 - - [27/Jul/2022:11:10:10 +0530] GET /images/krystal.png HTTP/1.1 200 7835
0:0:0:0:0:0:0:1 - - [27/Jul/2022:11:10:10 +0530] GET /images/bg.jpg HTTP/1.1 200 92670
0:0:0:0:0:0:0:1 - - [27/Jul/2022:11:10:10 +0530] GET /css/fonts/bootstrap-icons.woff2 HTTP/1.1 200 90528
0:0:0:0:0:0:0:1 - - [27/Jul/2022:11:10:10 +0530] GET /css/fonts/open-sans-v20-latin-regular.woff2 HTTP/1.1 200 14440
0:0:0:0:0:0:0:1 - - [27/Jul/2022:11:10:10 +0530] GET /stats?mode=documents HTTP/1.1 200 11
0:0:0:0:0:0:0:1 - - [27/Jul/2022:11:10:10 +0530] GET /images/favicon.ico HTTP/1.1 200 1150
0:0:0:0:0:0:0:1 - - [27/Jul/2022:11:10:10 +0530] GET /stats?mode=users HTTP/1.1 200 11
0:0:0:0:0:0:0:1 - - [27/Jul/2022:11:10:15 +0530] GET /stats?mode=users HTTP/1.1 200 11
0:0:0:0:0:0:0:1 - - [27/Jul/2022:11:10:15 +0530] GET /stats?mode=documents HTTP/1.1 200 11
0:0:0:0:0:0:0:1 - - [27/Jul/2022:11:10:20 +0530] GET /stats?mode=documents HTTP/1.1 200 11
0:0:0:0:0:0:0:1 - - [27/Jul/2022:11:10:20 +0530] GET /stats?mode=users HTTP/1.1 200 11
0:0:0:0:0:0:0:1 - - [27/Jul/2022:11:10:26 +0530] GET /stats?mode=documents HTTP/1.1 200 11
0:0:0:0:0:0:0:1 - - [27/Jul/2022:11:10:26 +0530] GET /stats?mode=users HTTP/1.1 200 11
0:0:0:0:0:0:0:1 - - [27/Jul/2022:11:10:31 +0530] GET /stats?mode=users HTTP/1.1 200 11
0:0:0:0:0:0:0:1 - - [27/Jul/2022:11:10:31 +0530] GET /stats?mode=documents HTTP/1.1 200 11
0:0:0:0:0:0:0:1 - - [27/Jul/2022:11:10:36 +0530] GET /stats?mode=documents HTTP/1.1 200 11
0:0:0:0:0:0:0:1 - - [27/Jul/2022:11:10:36 +0530] GET /stats?mode=users HTTP/1.1 200 11
0:0:0:0:0:0:0:1 - - [27/Jul/2022:11:10:41 +0530] GET /stats?mode=documents HTTP/1.1 200 11
0:0:0:0:0:0:0:1 - - [27/Jul/2022:11:10:41 +0530] GET /stats?mode=users HTTP/1.1 200 11
0:0:0:0:0:0:0:1 - - [27/Jul/2022:11:10:46 +0530] GET /stats?mode=documents HTTP/1.1 200 11
0:0:0:0:0:0:0:1 - - [27/Jul/2022:11:10:46 +0530] GET /stats?mode=users HTTP/1.1 200 11
0:0:0:0:0:0:0:1 - - [27/Jul/2022:11:10:51 +0530] GET /stats?mode=documents HTTP/1.1 200 11
0:0:0:0:0:0:0:1 - - [27/Jul/2022:11:10:51 +0530] GET /stats?mode=users HTTP/1.1 200 11
0:0:0:0:0:0:0:1 - - [27/Jul/2022:11:10:56 +0530] GET /stats?mode=users HTTP/1.1 200 11
0:0:0:0:0:0:0:1 - - [27/Jul/2022:11:10:56 +0530] GET /stats?mode=documents HTTP/1.1 200 11
0:0:0:0:0:0:0:1 - - [27/Jul/2022:11:11:01 +0530] GET /stats?mode=users HTTP/1.1 200 11
0:0:0:0:0:0:0:1 - - [27/Jul/2022:11:11:01 +0530] GET /stats?mode=documents HTTP/1.1 200 11
0:0:0:0:0:0:0:1 - - [27/Jul/2022:11:11:06 +0530] GET /stats?mode=users HTTP/1.1 200 11
0:0:0:0:0:0:0:1 - - [27/Jul/2022:11:11:06 +0530] GET /stats?mode=documents HTTP/1.1 200 11
0:0:0:0:0:0:0:1 - - [27/Jul/2022:11:11:11 +0530] GET /stats?mode=users HTTP/1.1 200 11
0:0:0:0:0:0:0:1 - - [27/Jul/2022:11:11:11 +0530] GET /stats?mode=documents HTTP/1.1 200 11
0:0:0:0:0:0:0:1 - - [27/Jul/2022:11:11:16 +0530] GET /stats?mode=users HTTP/1.1 200 11
0:0:0:0:0:0:0:1 - - [27/Jul/2022:11:11:16 +0530] GET /stats?mode=documents HTTP/1.1 200 11
0:0:0:0:0:0:0:1 - - [27/Jul/2022:11:11:21 +0530] GET /stats?mode=users HTTP/1.1 200 11
0:0:0:0:0:0:0:1 - - [27/Jul/2022:11:11:21 +0530] GET /stats?mode=documents HTTP/1.1 200 11
0:0:0:0:0:0:0:1 - - [27/Jul/2022:11:11:26 +0530] GET /stats?mode=users HTTP/1.1 200 11
0:0:0:0:0:0:0:1 - - [27/Jul/2022:11:11:26 +0530] GET /stats?mode=documents HTTP/1.1 200 11
0:0:0:0:0:0:0:1 - - [27/Jul/2022:11:11:31 +0530] GET /stats?mode=users HTTP/1.1 200 11
0:0:0:0:0:0:0:1 - - [27/Jul/2022:11:11:31 +0530] GET /stats?mode=documents HTTP/1.1 200 11
0:0:0:0:0:0:0:1 - - [27/Jul/2022:11:11:36 +0530] GET /stats?mode=documents HTTP/1.1 200 11
0:0:0:0:0:0:0:1 - - [27/Jul/2022:11:11:36 +0530] GET /stats?mode=users HTTP/1.1 200 11
0:0:0:0:0:0:0:1 - - [27/Jul/2022:11:11:41 +0530] GET /stats?mode=users HTTP/1.1 200 11
0:0:0:0:0:0:0:1 - - [27/Jul/2022:11:11:41 +0530] GET /stats?mode=documents HTTP/1.1 200 11
0:0:0:0:0:0:0:1 - - [27/Jul/2022:11:11:46 +0530] GET /stats?mode=users HTTP/1.1 200 11
0:0:0:0:0:0:0:1 - - [27/Jul/2022:11:11:46 +0530] GET /stats?mode=documents HTTP/1.1 200 11
0:0:0:0:0:0:0:1 - - [27/Jul/2022:11:11:51 +0530] GET /stats?mode=documents HTTP/1.1 200 11
0:0:0:0:0:0:0:1 - - [27/Jul/2022:11:11:51 +0530] GET /stats?mode=users HTTP/1.1 200 11
0:0:0:0:0:0:0:1 - - [27/Jul/2022:11:11:56 +0530] GET /stats?mode=users HTTP/1.1 200 11
0:0:0:0:0:0:0:1 - - [27/Jul/2022:11:11:56 +0530] GET /stats?mode=documents HTTP/1.1 200 11
0:0:0:0:0:0:0:1 - - [27/Jul/2022:11:12:01 +0530] GET /stats?mode=documents HTTP/1.1 200 11
0:0:0:0:0:0:0:1 - - [27/Jul/2022:11:12:01 +0530] GET /stats?mode=users HTTP/1.1 200 11
0:0:0:0:0:0:0:1 - - [27/Jul/2022:11:12:06 +0530] GET /stats?mode=users HTTP/1.1 200 11
0:0:0:0:0:0:0:1 - - [27/Jul/2022:11:12:06 +0530] GET /stats?mode=documents HTTP/1.1 200 11
0:0:0:0:0:0:0:1 - - [27/Jul/2022:11:12:11 +0530] GET /stats?mode=users HTTP/1.1 200 11
0:0:0:0:0:0:0:1 - - [27/Jul/2022:11:12:11 +0530] GET /stats?mode=documents HTTP/1.1 200 11
0:0:0:0:0:0:0:1 - - [27/Jul/2022:11:12:16 +0530] GET /stats?mode=users HTTP/1.1 200 11
0:0:0:0:0:0:0:1 - - [27/Jul/2022:11:12:16 +0530] GET /stats?mode=documents HTTP/1.1 200 11
0:0:0:0:0:0:0:1 - - [27/Jul/2022:11:12:21 +0530] GET /stats?mode=documents HTTP/1.1 200 11
0:0:0:0:0:0:0:1 - - [27/Jul/2022:11:12:21 +0530] GET /stats?mode=users HTTP/1.1 200 11
0:0:0:0:0:0:0:1 - - [27/Jul/2022:11:12:26 +0530] GET /stats?mode=documents HTTP/1.1 200 11
0:0:0:0:0:0:0:1 - - [27/Jul/2022:11:12:26 +0530] GET /stats?mode=users HTTP/1.1 200 11
0:0:0:0:0:0:0:1 - - [27/Jul/2022:11:12:31 +0530] GET /stats?mode=users HTTP/1.1 200 11
0:0:0:0:0:0:0:1 - - [27/Jul/2022:11:12:31 +0530] GET /stats?mode=documents HTTP/1.1 200 11
0:0:0:0:0:0:0:1 - - [27/Jul/2022:11:12:36 +0530] GET /stats?mode=documents HTTP/1.1 200 11
0:0:0:0:0:0:0:1 - - [27/Jul/2022:11:12:36 +0530] GET /stats?mode=users HTTP/1.1 200 11
